0 info it worked if it ends with ok
1 verbose cli [ '/usr/local/bin/node',
1 verbose cli   '/usr/local/bin/npm',
1 verbose cli   'install',
1 verbose cli   '-g',
1 verbose cli   'opencv' ]
2 info using npm@1.4.3
3 info using node@v0.11.12
4 verbose cache add [ 'opencv', null ]
5 verbose cache add name=undefined spec="opencv" args=["opencv",null]
6 verbose parsed url { protocol: null,
6 verbose parsed url   slashes: null,
6 verbose parsed url   auth: null,
6 verbose parsed url   host: null,
6 verbose parsed url   port: null,
6 verbose parsed url   hostname: null,
6 verbose parsed url   hash: null,
6 verbose parsed url   search: null,
6 verbose parsed url   query: null,
6 verbose parsed url   pathname: 'opencv',
6 verbose parsed url   path: 'opencv',
6 verbose parsed url   href: 'opencv' }
7 silly lockFile 34897cde-opencv opencv
8 verbose lock opencv /Users/mwade/.npm/34897cde-opencv.lock
9 silly lockFile 34897cde-opencv opencv
10 silly lockFile 34897cde-opencv opencv
11 verbose addNamed [ 'opencv', '' ]
12 verbose addNamed [ null, '*' ]
13 silly lockFile 4da5a9ce-opencv opencv@
14 verbose lock opencv@ /Users/mwade/.npm/4da5a9ce-opencv.lock
15 silly addNameRange { name: 'opencv', range: '*', hasData: false }
16 verbose url raw opencv
17 verbose url resolving [ 'https://registry.npmjs.org/', './opencv' ]
18 verbose url resolved https://registry.npmjs.org/opencv
19 info trying registry request attempt 1 at 23:45:12
20 verbose etag "XDPRPF3F4ESGW960X2VSTA0S"
21 http GET https://registry.npmjs.org/opencv
22 http 304 https://registry.npmjs.org/opencv
23 silly registry.get cb [ 304,
23 silly registry.get   { date: 'Mon, 02 Jun 2014 16:45:11 GMT',
23 silly registry.get     server: 'Apache',
23 silly registry.get     via: '1.1 varnish',
23 silly registry.get     'last-modified': 'Mon, 02 Jun 2014 16:45:11 GMT',
23 silly registry.get     'cache-control': 'max-age=1',
23 silly registry.get     etag: '"XDPRPF3F4ESGW960X2VSTA0S"',
23 silly registry.get     'x-served-by': 'cache-sn86-SIN',
23 silly registry.get     'x-cache': 'MISS',
23 silly registry.get     'x-cache-hits': '0',
23 silly registry.get     'x-timer': 'S1401727511.593483,VS0,VE253',
23 silly registry.get     vary: 'Accept',
23 silly registry.get     'content-length': '0',
23 silly registry.get     connection: 'close' } ]
24 verbose etag opencv from cache
25 silly addNameRange number 2 { name: 'opencv', range: '*', hasData: true }
26 silly addNameRange versions [ 'opencv',
26 silly addNameRange   [ '0.0.1',
26 silly addNameRange     '0.0.2',
26 silly addNameRange     '0.0.3',
26 silly addNameRange     '0.0.4',
26 silly addNameRange     '0.0.5',
26 silly addNameRange     '0.0.6',
26 silly addNameRange     '0.0.7',
26 silly addNameRange     '0.0.8',
26 silly addNameRange     '0.0.9',
26 silly addNameRange     '0.0.10',
26 silly addNameRange     '0.0.11',
26 silly addNameRange     '0.0.12',
26 silly addNameRange     '0.1.0',
26 silly addNameRange     '0.2.0',
26 silly addNameRange     '0.3.0',
26 silly addNameRange     '0.3.1',
26 silly addNameRange     '0.4.0',
26 silly addNameRange     '0.5.0' ] ]
27 verbose addNamed [ 'opencv', '0.5.0' ]
28 verbose addNamed [ '0.5.0', '0.5.0' ]
29 silly lockFile 9cf51797-opencv-0-5-0 opencv@0.5.0
30 verbose lock opencv@0.5.0 /Users/mwade/.npm/9cf51797-opencv-0-5-0.lock
31 silly lockFile 9cf51797-opencv-0-5-0 opencv@0.5.0
32 silly lockFile 9cf51797-opencv-0-5-0 opencv@0.5.0
33 silly lockFile 4da5a9ce-opencv opencv@
34 silly lockFile 4da5a9ce-opencv opencv@
35 silly resolved [ { name: 'opencv',
35 silly resolved     description: 'Node Bindings to OpenCV',
35 silly resolved     author: { name: 'Peter Braden', email: 'peterbraden@peterbraden.co.uk' },
35 silly resolved     dependencies: { buffers: '0.1.1' },
35 silly resolved     version: '0.5.0',
35 silly resolved     devDependencies: { vows: '*' },
35 silly resolved     engines: { node: '>=0.4.1' },
35 silly resolved     license: 'MIT',
35 silly resolved     scripts:
35 silly resolved      { preinstall: 'node-gyp clean rebuild',
35 silly resolved        test: 'vows test/unit.js' },
35 silly resolved     keywords: [ 'opencv', 'computer', 'vision', 'quadrocopter' ],
35 silly resolved     main: './lib/opencv',
35 silly resolved     repository:
35 silly resolved      { type: 'git',
35 silly resolved        url: 'https://github.com/peterbraden/node-opencv.git' },
35 silly resolved     readme: '# node-opencv \n\n[![Build Status](https://secure.travis-ci.org/peterbraden/node-opencv.png)](http://travis-ci.org/peterbraden/node-opencv)\n\n\n[OpenCV](http://opencv.willowgarage.com/wiki/) bindings for Node.js. OpenCV is the defacto computer vision library - by interfacing with it natively in node, we get powerful real time vision in js.\n\nPeople are using node-opencv to fly control quadrocoptors, detect faces from webcam images and annotate video streams. If you\'re using it for something cool, I\'d love to hear about it!\n\n## Install\n\nYou\'ll need OpenCV 2.3.1 installed.\n\nThen:\n\n```bash\n$ npm install opencv\n```\n\nOr to build the repo:\n\n```bash\n$ node-gyp rebuild\n```\n\n## Examples\n\n### Face Detection\n\n```javascript\ncv.readImage("./examples/test.jpg", function(err, im){\n  im.detectObject(cv.FACE_CASCADE, {}, function(err, faces){\n    for (var i=0;i<faces.length; i++){\n      var x = faces[i]\n      im.ellipse(x.x + x.width/2, x.y + x.height/2, x.width/2, x.height/2);\n    }\n    im.save(\'./out.jpg\');\n  });\n})\n```\n\n\n## API Documentation\n\n### Matrix\n\nThe [matrix](http://opencv.jp/opencv-2svn_org/cpp/core_basic_structures.html#mat) is the most useful\nbase datastructure in OpenCV. Things like images are just matrices of pixels.\n\n#### Creation\n\n```javascript\nnew Matrix(rows, cols)\n```\n\nOr if you\'re thinking of a Matrix as an image:\n\n```javascript\nnew Matrix(height, width)\n```\n\nOr you can use opencv to read in image files. Supported formats are in the OpenCV docs, but jpgs etc are supported.\n\n```javascript\ncv.readImage(filename, function(mat){\n  ...\n})\n\ncv.readImage(buffer, function(mat){\n  ...\n})\n```\n\nIf you need to pipe data into an image, you can use an ImageDataStream:\n\n```javascript\nvar s = new cv.ImageDataStream()\n\ns.on(\'load\', function(matrix){\n  ...\n})\n\nfs.createReadStream(\'./examples/test.jpg\').pipe(s);\n```\n\nIf however, you have a series of images, and you wish to stream them into a\nstream of Matrices, you can use an ImageStream. Thus:\n\n```javascript\nvar s = new cv.ImageStream()\n\ns.on(\'data\', function(matrix){\n   ...\n})\n\nardrone.createPngStream().pipe(s);\n```\n\nNote: Each \'data\' event into the ImageStream should be a complete image buffer.\n\n\n\n#### Accessing Data\n\n```javascript\nvar mat = new cv.Matrix.Eye(4,4); // Create identity matrix\n\nmat.get(0,0) // 1\n\nmat.row(0)  // [1,0,0,0]\nmat.col(4)  // [0,0,0,1]\n```\n\n##### Save\n\n```javascript\nmat.save(\'./pic.jpg\')\n```\n\nor:\n\n```javascript\nvar buff = mat.toBuffer()\n```\n\n#### Image Processing\n\n```javascript\nim.convertGrayscale()\nim.canny(5, 300)\nim.houghLinesP()\n```\n\n\n#### Simple Drawing\n\n```javascript\nim.ellipse(x, y)\nim.line([x1,y1], [x2, y2])\n```\n\n#### Object Detection\n\nThere is a shortcut method for \n[Viola-Jones Haar Cascade](http://www.cognotics.com/opencv/servo_2007_series/part_2/sidebar.html) object \ndetection. This can be used for face detection etc.\n\n```javascript\nmat.detectObject(haar_cascade_xml, opts, function(err, matches){})\n```\n\nFor convenience in face recognition, cv.FACE_CASCADE is a cascade that can be used for frontal face recognition.\n\nAlso:\n\n```javascript\nmat.goodFeaturesToTrack\n```\n\n#### Contours\n\n```javascript\nmat.findCountours\nmat.drawContour\nmat.drawAllContours\n```\n\n### Using Contours\n\n`findContours` returns a `Contours` collection object, not a native array. This object provides\nfunctions for accessing, computing with, and altering the contours contained in it.\nSee [relevant source code](src/Contours.cc) and [examples](examples/)\n\n```javascript\nvar contours = im.findContours;\n\n# Count of contours in the Contours object\ncontours.size();\n\n# Count of corners(verticies) of contour `index`\ncontours.cornerCount(index);\n\n# Access vertex data of contours\nfor(var c = 0; c < contours.size(); ++c) {\n  console.log("Contour " + c);\n  for(var i = 0; i < contours.cornerCount(c); ++i) {\n    var point = contours.point(c, i);\n    console.log("(" + point.x + "," + point.y + ")");"\n  }\n}\n\n# Computations of contour `index`\ncontours.area(index);\ncontours.arcLength(index, isClosed);\ncontours.boundingRect(index);\ncontours.minAreaRect(index);\ncontours.isConvex(index);\n\n# Destructively alter contour `index`\ncontours.approxPolyDP(index, epsilon, isClosed);\ncontours.convexHull(index, clockwise);\n```\n\n## MIT License\nThe library is distributed under the MIT License - if for some reason that \ndoesn\'t work for you please get in touch.\n\n## Changelog\n\n#### 0.5.0\n\nLots more opencv functions added, and bugfixes from a large number of\ncontributors. Thanks to all of them!\n\n- Allow args for `HoughLinesP` by @clkao in #112\n- `matchTemplate` and `minMaxLoc` by @ytham in #108\n- updated `blockingWaitKey` by @hybridgroup in #98\n\n\n#### 0.0.13 -> 0.4.0\n\n( missing description... )\n\n#### 0.0.13\n\n- V Early support for face recognition - API is _likely_ to change. Have fun!\n- *API Change*: VideoCapture.read now calls callback(err, im) instead of callback(im)\n\n#### 0.0.12\n- Matrix clone()\n- NamedWindow Support\n\n#### 0.0.11\n\n- Bug Fixes\n- ImageStream becomes ImageDataStream, and new ImageStream allows multiple images to be\nstreamed as matrices, for example, with an object detection stream.\n- @ryansouza improved documentation\n- Correcting matrix constructor (thanks @gluxon)\n- @Michael Smith expanded Contours functionality.\n\nThanks all!\n\n#### 0.0.10\n\n- Bug Fixes\n- @Contra added code that allows thickness and color args for ellipse\n- Camshift Support\n- @jtlebi added bindings for erode, gaussianBlur, arcLength, approxPolyDP, isConvex, cornerCount\n- @gluxon added bindings for inRange\n\nThanks everyone!\n\n#### 0.0.9\n\n- toBuffer can now take a callback and be run async (re #21)\n',
35 silly resolved     readmeFilename: 'README.md',
35 silly resolved     bugs: { url: 'https://github.com/peterbraden/node-opencv/issues' },
35 silly resolved     homepage: 'https://github.com/peterbraden/node-opencv',
35 silly resolved     _id: 'opencv@0.5.0',
35 silly resolved     _from: 'opencv@' } ]
36 info install opencv@0.5.0 into /usr/local/lib
37 info installOne opencv@0.5.0
38 info /usr/local/lib/node_modules/opencv unbuild
39 verbose tar unpack /Users/mwade/.npm/opencv/0.5.0/package.tgz
40 silly lockFile d4e87c54-sr-local-lib-node-modules-opencv tar:///usr/local/lib/node_modules/opencv
41 verbose lock tar:///usr/local/lib/node_modules/opencv /Users/mwade/.npm/d4e87c54-sr-local-lib-node-modules-opencv.lock
42 silly lockFile 474a6124-ade-npm-opencv-0-5-0-package-tgz tar:///Users/mwade/.npm/opencv/0.5.0/package.tgz
43 verbose lock tar:///Users/mwade/.npm/opencv/0.5.0/package.tgz /Users/mwade/.npm/474a6124-ade-npm-opencv-0-5-0-package-tgz.lock
44 silly gunzTarPerm modes [ '755', '644' ]
45 silly gunzTarPerm extractEntry package.json
46 silly gunzTarPerm extractEntry .npmignore
47 silly gunzTarPerm extractEntry README.md
48 silly gunzTarPerm extractEntry binding.gyp
49 silly gunzTarPerm extractEntry .travis.yml
50 silly gunzTarPerm extractEntry Dockerfile
51 silly gunzTarPerm extractEntry MIT-LICENSE.txt
52 silly gunzTarPerm extractEntry .README.md.un~
53 silly gunzTarPerm extractEntry .binding.gyp.un~
54 silly gunzTarPerm extractEntry data/haarcascade_mcs_eyepair_big.xml
55 silly gunzTarPerm extractEntry data/haarcascade_eye.xml
56 silly gunzTarPerm extractEntry data/haarcascade_frontalface_alt.xml
57 silly gunzTarPerm extractEntry data/haarcascade_frontalface_alt2.xml
58 silly gunzTarPerm extractEntry data/haarcascade_frontalface_alt_tree.xml
59 silly gunzTarPerm extractEntry data/haarcascade_frontalface_default.xml
60 silly gunzTarPerm extractEntry data/haarcascade_fullbody.xml
61 silly gunzTarPerm extractEntry data/haarcascade_lefteye_2splits.xml
62 silly gunzTarPerm extractEntry data/haarcascade_lowerbody.xml
63 silly gunzTarPerm extractEntry data/haarcascade_eye_tree_eyeglasses.xml
64 silly gunzTarPerm extractEntry data/haarcascade_mcs_eyepair_small.xml
65 silly gunzTarPerm extractEntry data/haarcascade_mcs_lefteye.xml
66 silly gunzTarPerm extractEntry data/haarcascade_mcs_mouth.xml
67 silly gunzTarPerm extractEntry data/haarcascade_mcs_nose.xml
68 silly gunzTarPerm extractEntry data/haarcascade_mcs_righteye.xml
69 silly gunzTarPerm extractEntry data/haarcascade_mcs_upperbody.xml
70 silly gunzTarPerm extractEntry data/haarcascade_profileface.xml
71 silly gunzTarPerm extractEntry data/haarcascade_righteye_2splits.xml
72 silly gunzTarPerm extractEntry data/haarcascade_upperbody.xml
73 silly gunzTarPerm extractEntry examples/Face.js
74 silly gunzTarPerm extractEntry examples/salt.js
75 silly gunzTarPerm extractEntry examples/quad-crosses.js
76 silly gunzTarPerm extractEntry examples/motion-track.js
77 silly gunzTarPerm extractEntry examples/camera.js
78 silly gunzTarPerm extractEntry examples/contours.js
79 silly gunzTarPerm extractEntry examples/convert_image.js
80 silly gunzTarPerm extractEntry examples/detect-shapes.js
81 silly gunzTarPerm extractEntry examples/face-proxy.js
82 silly gunzTarPerm extractEntry examples/addweighted.js
83 silly gunzTarPerm extractEntry examples/color_filter.js
84 silly gunzTarPerm extractEntry examples/take-face-pics.js
85 silly gunzTarPerm extractEntry examples/face_detection.js
86 silly gunzTarPerm extractEntry examples/make-example-files.sh
87 silly gunzTarPerm extractEntry examples/coin2.jpg
88 silly gunzTarPerm extractEntry examples/motion.mov
89 silly gunzTarPerm extractEntry examples/over_text.png
90 silly gunzTarPerm extractEntry examples/mona.png
91 silly gunzTarPerm extractEntry examples/quads.jpg
92 silly gunzTarPerm extractEntry examples/coffeescript/camera.coffee
93 silly gunzTarPerm extractEntry examples/coffeescript/blend-images.coffee
94 silly gunzTarPerm extractEntry examples/coffeescript/camera-face-detection.coffee
95 silly gunzTarPerm extractEntry examples/coffeescript/camera-gausian-effect.coffee
96 silly gunzTarPerm extractEntry examples/coffeescript/camera-gaussian-effect.coffee
97 silly gunzTarPerm extractEntry examples/coffeescript/camera-face-detect-max-frames.coffee
98 silly gunzTarPerm extractEntry examples/coffeescript/haarcascades/haarcascade_frontalface_alt.xml
99 silly gunzTarPerm extractEntry examples/coffeescript/image-basic-shapes.coffee
100 silly gunzTarPerm extractEntry examples/coffeescript/image-load-display.coffee
101 silly gunzTarPerm extractEntry examples/coffeescript/image-load-modify-display.coffee
102 silly gunzTarPerm extractEntry examples/coffeescript/images/linux-logo.png
103 silly gunzTarPerm extractEntry examples/coffeescript/images/mona.png
104 silly gunzTarPerm extractEntry examples/coffeescript/images/windows-logo.png
105 silly gunzTarPerm extractEntry examples/shapes.jpg
106 silly gunzTarPerm extractEntry examples/stuff.png
107 silly gunzTarPerm extractEntry examples/coin1.jpg
108 silly gunzTarPerm extractEntry index.html
109 silly gunzTarPerm extractEntry lib/bindings.js
110 silly gunzTarPerm extractEntry lib/opencv.js
111 silly gunzTarPerm extractEntry .package.json.un~
112 silly gunzTarPerm extractEntry smoke/smoketest.js
113 silly gunzTarPerm extractEntry smoke/smoke.sh
114 silly gunzTarPerm extractEntry src/HighGUI.cc
115 silly gunzTarPerm extractEntry src/.Matrix.cc.un~
116 silly gunzTarPerm extractEntry src/CamShift.cc
117 silly gunzTarPerm extractEntry src/CamShift.h
118 silly gunzTarPerm extractEntry src/CascadeClassifierWrap.cc
119 silly gunzTarPerm extractEntry src/CascadeClassifierWrap.h
120 silly gunzTarPerm extractEntry src/Contours.cc
121 silly gunzTarPerm extractEntry src/Contours.h
122 silly gunzTarPerm extractEntry src/FaceRecognizer.cc
123 silly gunzTarPerm extractEntry src/FaceRecognizer.h
124 silly gunzTarPerm extractEntry src/.Matrix.h.un~
125 silly gunzTarPerm extractEntry src/HighGUI.h
126 silly gunzTarPerm extractEntry src/Matrix.cc
127 silly gunzTarPerm extractEntry src/Matrix.h
128 silly gunzTarPerm extractEntry src/OpenCV.cc
129 silly gunzTarPerm extractEntry src/OpenCV.h
130 silly gunzTarPerm extractEntry src/Point.cc
131 silly gunzTarPerm extractEntry src/Point.h
132 silly gunzTarPerm extractEntry src/VideoCaptureWrap.cc
133 silly gunzTarPerm extractEntry src/VideoCaptureWrap.h
134 silly gunzTarPerm extractEntry src/init.cc
135 silly gunzTarPerm extractEntry test/unit.js
136 silly lockFile d4e87c54-sr-local-lib-node-modules-opencv tar:///usr/local/lib/node_modules/opencv
137 silly lockFile d4e87c54-sr-local-lib-node-modules-opencv tar:///usr/local/lib/node_modules/opencv
138 silly lockFile 474a6124-ade-npm-opencv-0-5-0-package-tgz tar:///Users/mwade/.npm/opencv/0.5.0/package.tgz
139 silly lockFile 474a6124-ade-npm-opencv-0-5-0-package-tgz tar:///Users/mwade/.npm/opencv/0.5.0/package.tgz
140 info preinstall opencv@0.5.0
141 verbose unsafe-perm in lifecycle false
142 info opencv@0.5.0 Failed to exec preinstall script
143 info /usr/local/lib/node_modules/opencv unbuild
144 info preuninstall opencv@0.5.0
145 info uninstall opencv@0.5.0
146 verbose true,/usr/local/lib/node_modules,/usr/local/lib/node_modules unbuild opencv@0.5.0
147 info postuninstall opencv@0.5.0
148 error opencv@0.5.0 preinstall: `node-gyp clean rebuild`
148 error Exit status 1
149 error Failed at the opencv@0.5.0 preinstall script.
149 error This is most likely a problem with the opencv package,
149 error not with npm itself.
149 error Tell the author that this fails on your system:
149 error     node-gyp clean rebuild
149 error You can get their info via:
149 error     npm owner ls opencv
149 error There is likely additional logging output above.
150 error System Darwin 13.1.0
151 error command "/usr/local/bin/node" "/usr/local/bin/npm" "install" "-g" "opencv"
152 error cwd /Users/mwade/sites/nbin
153 error node -v v0.11.12
154 error npm -v 1.4.3
155 error code ELIFECYCLE
156 verbose exit [ 1, true ]
